(0.000) SELECT "products_product"."id", "products_product"."name", "products_product"."category_id", "products_product"."price", "products_product"."description", "products_product"."image", "products_product"."in_stock", "products_product"."discount", "products_product"."discount_rate", "products_product"."created_at", "products_category"."id", "products_category"."name", "products_category"."image", "products_category"."description" FROM "products_product" INNER JOIN "products_category" ON ("products_product"."category_id" = "products_category"."id") WHERE "products_product"."id" = 9 LIMIT 21; args=(9,); alias=default
(0.000) SELECT AVG("customer_productreview"."rating") AS "average", COUNT("customer_productreview"."id") AS "count" FROM "customer_productreview" WHERE "customer_productreview"."product_id" = 9; args=(9,); alias=default
(0.000) SELECT "django_session"."session_key", "django_session"."session_data", "django_session"."expire_date" FROM "django_session" WHERE ("django_session"."expire_date" > '2022-10-31 07:50:13.009367' AND "django_session"."session_key" = 'a76diqcx6tabpiy18wzvx76hfvljyrah') LIMIT 21; args=('2022-10-31 07:50:13.009367', 'a76diqcx6tabpiy18wzvx76hfvljyrah'); alias=default
(0.000) SELECT "customer_user"."id", "customer_user"."password", "customer_user"."last_login", "customer_user"."is_superuser", "customer_user"."first_name", "customer_user"."last_name", "customer_user"."is_staff", "customer_user"."is_active", "customer_user"."date_joined", "customer_user"."username", "customer_user"."email", "customer_user"."phone" FROM "customer_user" WHERE "customer_user"."id" = 1 LIMIT 21; args=(1,); alias=default
(0.000) SELECT "customer_order"."id", "customer_order"."customer_id", "customer_order"."date_ordered", "customer_order"."completed", "customer_order"."session_id" FROM "customer_order" WHERE (NOT "customer_order"."completed" AND "customer_order"."customer_id" = 1 AND "customer_order"."session_id" = 'a76diqcx6tabpiy18wzvx76hfvljyrah') LIMIT 21; args=(1, 'a76diqcx6tabpiy18wzvx76hfvljyrah'); alias=default
(0.000) SELECT "customer_orderitem"."id", "customer_orderitem"."product_id", "customer_orderitem"."order_id", "customer_orderitem"."quantity", "customer_orderitem"."date_added" FROM "customer_orderitem" WHERE ("customer_orderitem"."order_id" = 368 AND "customer_orderitem"."product_id" = 9); args=(368, 9); alias=default
(0.000) SELECT "customer_order"."id", "customer_order"."customer_id", "customer_order"."date_ordered", "customer_order"."completed", "customer_order"."session_id" FROM "customer_order" WHERE (NOT "customer_order"."completed" AND "customer_order"."customer_id" = 1) LIMIT 21; args=(1,); alias=default
(0.000) UPDATE "customer_order" SET "customer_id" = 1, "date_ordered" = '2022-10-30 14:51:15.226219', "completed" = 0, "session_id" = 'a76diqcx6tabpiy18wzvx76hfvljyrah' WHERE "customer_order"."id" = 368; args=(1, '2022-10-30 14:51:15.226219', False, 'a76diqcx6tabpiy18wzvx76hfvljyrah', 368); alias=default
(0.000) SELECT SUM("total_price") FROM (SELECT (CAST((100 - "products_product"."discount_rate") AS NUMERIC) / 100.0) AS "discount_percent", ("products_product"."price" * (CAST((100 - "products_product"."discount_rate") AS NUMERIC) / 100.0)) AS "discount_price", (("products_product"."price" * (CAST((100 - "products_product"."discount_rate") AS NUMERIC) / 100.0)) * "customer_orderitem"."quantity") AS "total_price" FROM "customer_orderitem" LEFT OUTER JOIN "products_product" ON ("customer_orderitem"."product_id" = "products_product"."id") WHERE "customer_orderitem"."order_id" = 368) subquery; args=(100, 100.0, 100, 100.0, 100, 100.0, 368); alias=default
(0.000) SELECT SUM("customer_orderitem"."quantity") AS "count" FROM "customer_orderitem" WHERE "customer_orderitem"."order_id" = 368; args=(368,); alias=default
(0.000) SELECT COUNT(*) AS "__count" FROM "customer_likedproduct" WHERE "customer_likedproduct"."customer_id" = 1; args=(1,); alias=default
(0.000) SELECT "products_category"."id", "products_category"."name", "products_category"."image", "products_category"."description" FROM "products_category"; args=(); alias=default
(0.000) SELECT "products_category"."id", "products_category"."name", "products_category"."image", "products_category"."description" FROM "products_category"; args=(); alias=default
(0.000) SELECT "customer_productreview"."id", "customer_productreview"."review", "customer_productreview"."customer_id", "customer_productreview"."product_id", "customer_productreview"."rating", "customer_productreview"."date_written" FROM "customer_productreview" WHERE "customer_productreview"."product_id" = 9; args=(9,); alias=default
(0.000) SELECT "customer_user"."id", "customer_user"."password", "customer_user"."last_login", "customer_user"."is_superuser", "customer_user"."first_name", "customer_user"."last_name", "customer_user"."is_staff", "customer_user"."is_active", "customer_user"."date_joined", "customer_user"."username", "customer_user"."email", "customer_user"."phone" FROM "customer_user" WHERE "customer_user"."id" IN (1); args=(1,); alias=default
(0.000) SELECT "products_product"."id", "products_product"."name", "products_product"."category_id", "products_product"."price", "products_product"."description", "products_product"."image", "products_product"."in_stock", "products_product"."discount", "products_product"."discount_rate", "products_product"."created_at" FROM "products_product" WHERE ("products_product"."category_id" = 5 AND NOT ("products_product"."id" = 9)); args=(5, 9); alias=default
(0.000) SELECT CAST(MIN(CAST((CAST(("products_product"."price" * CAST((100 - "products_product"."discount_rate") AS NUMERIC)) AS NUMERIC) / 100) AS NUMERIC)) AS NUMERIC) AS "price__min", CAST(MAX(CAST((CAST(("products_product"."price" * CAST((100 - "products_product"."discount_rate") AS NUMERIC)) AS NUMERIC) / 100) AS NUMERIC)) AS NUMERIC) AS "price__max" FROM "products_product"; args=(100, 100, 100, 100); alias=default
(0.000) 
            SELECT name, type FROM sqlite_master
            WHERE type in ('table', 'view') AND NOT name='sqlite_sequence'
            ORDER BY name; args=None; alias=default
(0.000) SELECT "django_migrations"."id", "django_migrations"."app", "django_migrations"."name", "django_migrations"."applied" FROM "django_migrations"; args=(); alias=default
(0.000) SELECT "products_product"."id", "products_product"."name", "products_product"."category_id", "products_product"."price", "products_product"."description", "products_product"."image", "products_product"."in_stock", "products_product"."discount", "products_product"."discount_rate", "products_product"."created_at", "products_category"."id", "products_category"."name", "products_category"."image", "products_category"."description" FROM "products_product" INNER JOIN "products_category" ON ("products_product"."category_id" = "products_category"."id") WHERE "products_product"."id" = 9 LIMIT 21; args=(9,); alias=default
(0.000) SELECT AVG("customer_productreview"."rating") AS "average", COUNT("customer_productreview"."id") AS "count" FROM "customer_productreview" WHERE "customer_productreview"."product_id" = 9; args=(9,); alias=default
(0.000) SELECT "django_session"."session_key", "django_session"."session_data", "django_session"."expire_date" FROM "django_session" WHERE ("django_session"."expire_date" > '2022-10-31 07:51:00.474835' AND "django_session"."session_key" = 'a76diqcx6tabpiy18wzvx76hfvljyrah') LIMIT 21; args=('2022-10-31 07:51:00.474835', 'a76diqcx6tabpiy18wzvx76hfvljyrah'); alias=default
(0.000) SELECT "customer_user"."id", "customer_user"."password", "customer_user"."last_login", "customer_user"."is_superuser", "customer_user"."first_name", "customer_user"."last_name", "customer_user"."is_staff", "customer_user"."is_active", "customer_user"."date_joined", "customer_user"."username", "customer_user"."email", "customer_user"."phone" FROM "customer_user" WHERE "customer_user"."id" = 1 LIMIT 21; args=(1,); alias=default
(0.000) SELECT "customer_order"."id", "customer_order"."customer_id", "customer_order"."date_ordered", "customer_order"."completed", "customer_order"."session_id" FROM "customer_order" WHERE (NOT "customer_order"."completed" AND "customer_order"."customer_id" = 1 AND "customer_order"."session_id" = 'a76diqcx6tabpiy18wzvx76hfvljyrah') LIMIT 21; args=(1, 'a76diqcx6tabpiy18wzvx76hfvljyrah'); alias=default
(0.000) SELECT "customer_orderitem"."id", "customer_orderitem"."product_id", "customer_orderitem"."order_id", "customer_orderitem"."quantity", "customer_orderitem"."date_added" FROM "customer_orderitem" WHERE ("customer_orderitem"."order_id" = 368 AND "customer_orderitem"."product_id" = 9); args=(368, 9); alias=default
(0.000) SELECT "customer_order"."id", "customer_order"."customer_id", "customer_order"."date_ordered", "customer_order"."completed", "customer_order"."session_id" FROM "customer_order" WHERE (NOT "customer_order"."completed" AND "customer_order"."customer_id" = 1) LIMIT 21; args=(1,); alias=default
(0.015) UPDATE "customer_order" SET "customer_id" = 1, "date_ordered" = '2022-10-30 14:51:15.226219', "completed" = 0, "session_id" = 'a76diqcx6tabpiy18wzvx76hfvljyrah' WHERE "customer_order"."id" = 368; args=(1, '2022-10-30 14:51:15.226219', False, 'a76diqcx6tabpiy18wzvx76hfvljyrah', 368); alias=default
(0.000) SELECT SUM("total_price") FROM (SELECT (CAST((100 - "products_product"."discount_rate") AS NUMERIC) / 100.0) AS "discount_percent", ("products_product"."price" * (CAST((100 - "products_product"."discount_rate") AS NUMERIC) / 100.0)) AS "discount_price", (("products_product"."price" * (CAST((100 - "products_product"."discount_rate") AS NUMERIC) / 100.0)) * "customer_orderitem"."quantity") AS "total_price" FROM "customer_orderitem" LEFT OUTER JOIN "products_product" ON ("customer_orderitem"."product_id" = "products_product"."id") WHERE "customer_orderitem"."order_id" = 368) subquery; args=(100, 100.0, 100, 100.0, 100, 100.0, 368); alias=default
(0.000) SELECT SUM("customer_orderitem"."quantity") AS "count" FROM "customer_orderitem" WHERE "customer_orderitem"."order_id" = 368; args=(368,); alias=default
(0.000) SELECT COUNT(*) AS "__count" FROM "customer_likedproduct" WHERE "customer_likedproduct"."customer_id" = 1; args=(1,); alias=default
(0.000) SELECT "products_category"."id", "products_category"."name", "products_category"."image", "products_category"."description" FROM "products_category"; args=(); alias=default
(0.000) SELECT "products_category"."id", "products_category"."name", "products_category"."image", "products_category"."description" FROM "products_category"; args=(); alias=default
(0.000) SELECT "customer_productreview"."id", "customer_productreview"."review", "customer_productreview"."customer_id", "customer_productreview"."product_id", "customer_productreview"."rating", "customer_productreview"."date_written" FROM "customer_productreview" WHERE "customer_productreview"."product_id" = 9; args=(9,); alias=default
(0.000) SELECT "customer_user"."id", "customer_user"."password", "customer_user"."last_login", "customer_user"."is_superuser", "customer_user"."first_name", "customer_user"."last_name", "customer_user"."is_staff", "customer_user"."is_active", "customer_user"."date_joined", "customer_user"."username", "customer_user"."email", "customer_user"."phone" FROM "customer_user" WHERE "customer_user"."id" IN (1); args=(1,); alias=default
(0.000) SELECT "products_product"."id", "products_product"."name", "products_product"."category_id", "products_product"."price", "products_product"."description", "products_product"."image", "products_product"."in_stock", "products_product"."discount", "products_product"."discount_rate", "products_product"."created_at" FROM "products_product" WHERE ("products_product"."category_id" = 5 AND NOT ("products_product"."id" = 9)); args=(5, 9); alias=default
(0.000) SELECT CAST(MIN(CAST((CAST(("products_product"."price" * CAST((100 - "products_product"."discount_rate") AS NUMERIC)) AS NUMERIC) / 100) AS NUMERIC)) AS NUMERIC) AS "price__min", CAST(MAX(CAST((CAST(("products_product"."price" * CAST((100 - "products_product"."discount_rate") AS NUMERIC)) AS NUMERIC) / 100) AS NUMERIC)) AS NUMERIC) AS "price__max" FROM "products_product"; args=(100, 100, 100, 100); alias=default
(0.000) 
            SELECT name, type FROM sqlite_master
            WHERE type in ('table', 'view') AND NOT name='sqlite_sequence'
            ORDER BY name; args=None; alias=default
(0.000) SELECT "django_migrations"."id", "django_migrations"."app", "django_migrations"."name", "django_migrations"."applied" FROM "django_migrations"; args=(); alias=default
(0.000) SELECT "products_product"."id", "products_product"."name", "products_product"."category_id", "products_product"."price", "products_product"."description", "products_product"."image", "products_product"."in_stock", "products_product"."discount", "products_product"."discount_rate", "products_product"."created_at", "products_category"."id", "products_category"."name", "products_category"."image", "products_category"."description" FROM "products_product" INNER JOIN "products_category" ON ("products_product"."category_id" = "products_category"."id") WHERE "products_product"."id" = 9 LIMIT 21; args=(9,); alias=default
(0.000) SELECT AVG("customer_productreview"."rating") AS "average", COUNT("customer_productreview"."id") AS "count" FROM "customer_productreview" WHERE "customer_productreview"."product_id" = 9; args=(9,); alias=default
(0.000) SELECT "django_session"."session_key", "django_session"."session_data", "django_session"."expire_date" FROM "django_session" WHERE ("django_session"."expire_date" > '2022-10-31 07:51:58.263726' AND "django_session"."session_key" = 'a76diqcx6tabpiy18wzvx76hfvljyrah') LIMIT 21; args=('2022-10-31 07:51:58.263726', 'a76diqcx6tabpiy18wzvx76hfvljyrah'); alias=default
(0.000) SELECT "customer_user"."id", "customer_user"."password", "customer_user"."last_login", "customer_user"."is_superuser", "customer_user"."first_name", "customer_user"."last_name", "customer_user"."is_staff", "customer_user"."is_active", "customer_user"."date_joined", "customer_user"."username", "customer_user"."email", "customer_user"."phone" FROM "customer_user" WHERE "customer_user"."id" = 1 LIMIT 21; args=(1,); alias=default
(0.000) SELECT "customer_order"."id", "customer_order"."customer_id", "customer_order"."date_ordered", "customer_order"."completed", "customer_order"."session_id" FROM "customer_order" WHERE (NOT "customer_order"."completed" AND "customer_order"."customer_id" = 1 AND "customer_order"."session_id" = 'a76diqcx6tabpiy18wzvx76hfvljyrah') LIMIT 21; args=(1, 'a76diqcx6tabpiy18wzvx76hfvljyrah'); alias=default
(0.000) SELECT "customer_orderitem"."id", "customer_orderitem"."product_id", "customer_orderitem"."order_id", "customer_orderitem"."quantity", "customer_orderitem"."date_added" FROM "customer_orderitem" WHERE ("customer_orderitem"."order_id" = 368 AND "customer_orderitem"."product_id" = 9); args=(368, 9); alias=default
(0.000) SELECT "customer_order"."id", "customer_order"."customer_id", "customer_order"."date_ordered", "customer_order"."completed", "customer_order"."session_id" FROM "customer_order" WHERE (NOT "customer_order"."completed" AND "customer_order"."customer_id" = 1) LIMIT 21; args=(1,); alias=default
(0.000) UPDATE "customer_order" SET "customer_id" = 1, "date_ordered" = '2022-10-30 14:51:15.226219', "completed" = 0, "session_id" = 'a76diqcx6tabpiy18wzvx76hfvljyrah' WHERE "customer_order"."id" = 368; args=(1, '2022-10-30 14:51:15.226219', False, 'a76diqcx6tabpiy18wzvx76hfvljyrah', 368); alias=default
(0.000) SELECT SUM("total_price") FROM (SELECT (CAST((100 - "products_product"."discount_rate") AS NUMERIC) / 100.0) AS "discount_percent", ("products_product"."price" * (CAST((100 - "products_product"."discount_rate") AS NUMERIC) / 100.0)) AS "discount_price", (("products_product"."price" * (CAST((100 - "products_product"."discount_rate") AS NUMERIC) / 100.0)) * "customer_orderitem"."quantity") AS "total_price" FROM "customer_orderitem" LEFT OUTER JOIN "products_product" ON ("customer_orderitem"."product_id" = "products_product"."id") WHERE "customer_orderitem"."order_id" = 368) subquery; args=(100, 100.0, 100, 100.0, 100, 100.0, 368); alias=default
(0.000) SELECT SUM("customer_orderitem"."quantity") AS "count" FROM "customer_orderitem" WHERE "customer_orderitem"."order_id" = 368; args=(368,); alias=default
(0.000) SELECT COUNT(*) AS "__count" FROM "customer_likedproduct" WHERE "customer_likedproduct"."customer_id" = 1; args=(1,); alias=default
(0.000) SELECT "products_category"."id", "products_category"."name", "products_category"."image", "products_category"."description" FROM "products_category"; args=(); alias=default
(0.000) SELECT "products_category"."id", "products_category"."name", "products_category"."image", "products_category"."description" FROM "products_category"; args=(); alias=default
(0.000) SELECT "customer_productreview"."id", "customer_productreview"."review", "customer_productreview"."customer_id", "customer_productreview"."product_id", "customer_productreview"."rating", "customer_productreview"."date_written" FROM "customer_productreview" WHERE "customer_productreview"."product_id" = 9; args=(9,); alias=default
(0.000) SELECT "customer_user"."id", "customer_user"."password", "customer_user"."last_login", "customer_user"."is_superuser", "customer_user"."first_name", "customer_user"."last_name", "customer_user"."is_staff", "customer_user"."is_active", "customer_user"."date_joined", "customer_user"."username", "customer_user"."email", "customer_user"."phone" FROM "customer_user" WHERE "customer_user"."id" IN (1); args=(1,); alias=default
(0.000) SELECT "products_product"."id", "products_product"."name", "products_product"."category_id", "products_product"."price", "products_product"."description", "products_product"."image", "products_product"."in_stock", "products_product"."discount", "products_product"."discount_rate", "products_product"."created_at" FROM "products_product" WHERE ("products_product"."category_id" = 5 AND NOT ("products_product"."id" = 9)); args=(5, 9); alias=default
(0.000) SELECT "products_product"."id", "products_product"."name", "products_product"."category_id", "products_product"."price", "products_product"."description", "products_product"."image", "products_product"."in_stock", "products_product"."discount", "products_product"."discount_rate", "products_product"."created_at", "products_category"."id", "products_category"."name", "products_category"."image", "products_category"."description" FROM "products_product" INNER JOIN "products_category" ON ("products_product"."category_id" = "products_category"."id") WHERE "products_product"."id" = 9 LIMIT 21; args=(9,); alias=default
(0.000) SELECT AVG("customer_productreview"."rating") AS "average", COUNT("customer_productreview"."id") AS "count" FROM "customer_productreview" WHERE "customer_productreview"."product_id" = 9; args=(9,); alias=default
(0.000) SELECT "django_session"."session_key", "django_session"."session_data", "django_session"."expire_date" FROM "django_session" WHERE ("django_session"."expire_date" > '2022-10-31 07:53:43.902307' AND "django_session"."session_key" = 'a76diqcx6tabpiy18wzvx76hfvljyrah') LIMIT 21; args=('2022-10-31 07:53:43.902307', 'a76diqcx6tabpiy18wzvx76hfvljyrah'); alias=default
(0.000) SELECT "customer_user"."id", "customer_user"."password", "customer_user"."last_login", "customer_user"."is_superuser", "customer_user"."first_name", "customer_user"."last_name", "customer_user"."is_staff", "customer_user"."is_active", "customer_user"."date_joined", "customer_user"."username", "customer_user"."email", "customer_user"."phone" FROM "customer_user" WHERE "customer_user"."id" = 1 LIMIT 21; args=(1,); alias=default
(0.000) SELECT "customer_order"."id", "customer_order"."customer_id", "customer_order"."date_ordered", "customer_order"."completed", "customer_order"."session_id" FROM "customer_order" WHERE (NOT "customer_order"."completed" AND "customer_order"."customer_id" = 1 AND "customer_order"."session_id" = 'a76diqcx6tabpiy18wzvx76hfvljyrah') LIMIT 21; args=(1, 'a76diqcx6tabpiy18wzvx76hfvljyrah'); alias=default
(0.000) SELECT "customer_orderitem"."id", "customer_orderitem"."product_id", "customer_orderitem"."order_id", "customer_orderitem"."quantity", "customer_orderitem"."date_added" FROM "customer_orderitem" WHERE ("customer_orderitem"."order_id" = 368 AND "customer_orderitem"."product_id" = 9); args=(368, 9); alias=default
(0.000) SELECT "customer_order"."id", "customer_order"."customer_id", "customer_order"."date_ordered", "customer_order"."completed", "customer_order"."session_id" FROM "customer_order" WHERE (NOT "customer_order"."completed" AND "customer_order"."customer_id" = 1) LIMIT 21; args=(1,); alias=default
(0.015) UPDATE "customer_order" SET "customer_id" = 1, "date_ordered" = '2022-10-30 14:51:15.226219', "completed" = 0, "session_id" = 'a76diqcx6tabpiy18wzvx76hfvljyrah' WHERE "customer_order"."id" = 368; args=(1, '2022-10-30 14:51:15.226219', False, 'a76diqcx6tabpiy18wzvx76hfvljyrah', 368); alias=default
(0.000) SELECT SUM("total_price") FROM (SELECT (CAST((100 - "products_product"."discount_rate") AS NUMERIC) / 100.0) AS "discount_percent", ("products_product"."price" * (CAST((100 - "products_product"."discount_rate") AS NUMERIC) / 100.0)) AS "discount_price", (("products_product"."price" * (CAST((100 - "products_product"."discount_rate") AS NUMERIC) / 100.0)) * "customer_orderitem"."quantity") AS "total_price" FROM "customer_orderitem" LEFT OUTER JOIN "products_product" ON ("customer_orderitem"."product_id" = "products_product"."id") WHERE "customer_orderitem"."order_id" = 368) subquery; args=(100, 100.0, 100, 100.0, 100, 100.0, 368); alias=default
(0.000) SELECT SUM("customer_orderitem"."quantity") AS "count" FROM "customer_orderitem" WHERE "customer_orderitem"."order_id" = 368; args=(368,); alias=default
(0.000) SELECT COUNT(*) AS "__count" FROM "customer_likedproduct" WHERE "customer_likedproduct"."customer_id" = 1; args=(1,); alias=default
(0.000) SELECT "products_category"."id", "products_category"."name", "products_category"."image", "products_category"."description" FROM "products_category"; args=(); alias=default
(0.000) SELECT "products_category"."id", "products_category"."name", "products_category"."image", "products_category"."description" FROM "products_category"; args=(); alias=default
(0.000) SELECT "customer_productreview"."id", "customer_productreview"."review", "customer_productreview"."customer_id", "customer_productreview"."product_id", "customer_productreview"."rating", "customer_productreview"."date_written" FROM "customer_productreview" WHERE "customer_productreview"."product_id" = 9; args=(9,); alias=default
(0.000) SELECT "customer_user"."id", "customer_user"."password", "customer_user"."last_login", "customer_user"."is_superuser", "customer_user"."first_name", "customer_user"."last_name", "customer_user"."is_staff", "customer_user"."is_active", "customer_user"."date_joined", "customer_user"."username", "customer_user"."email", "customer_user"."phone" FROM "customer_user" WHERE "customer_user"."id" IN (1); args=(1,); alias=default
(0.000) SELECT "products_product"."id", "products_product"."name", "products_product"."category_id", "products_product"."price", "products_product"."description", "products_product"."image", "products_product"."in_stock", "products_product"."discount", "products_product"."discount_rate", "products_product"."created_at" FROM "products_product" WHERE ("products_product"."category_id" = 5 AND NOT ("products_product"."id" = 9)); args=(5, 9); alias=default
(0.000) SELECT CAST(MIN(CAST((CAST(("products_product"."price" * CAST((100 - "products_product"."discount_rate") AS NUMERIC)) AS NUMERIC) / 100) AS NUMERIC)) AS NUMERIC) AS "price__min", CAST(MAX(CAST((CAST(("products_product"."price" * CAST((100 - "products_product"."discount_rate") AS NUMERIC)) AS NUMERIC) / 100) AS NUMERIC)) AS NUMERIC) AS "price__max" FROM "products_product"; args=(100, 100, 100, 100); alias=default
(0.000) 
            SELECT name, type FROM sqlite_master
            WHERE type in ('table', 'view') AND NOT name='sqlite_sequence'
            ORDER BY name; args=None; alias=default
(0.000) SELECT "django_migrations"."id", "django_migrations"."app", "django_migrations"."name", "django_migrations"."applied" FROM "django_migrations"; args=(); alias=default
(0.000) SELECT "products_product"."id", "products_product"."name", "products_product"."category_id", "products_product"."price", "products_product"."description", "products_product"."image", "products_product"."in_stock", "products_product"."discount", "products_product"."discount_rate", "products_product"."created_at", "products_category"."id", "products_category"."name", "products_category"."image", "products_category"."description" FROM "products_product" INNER JOIN "products_category" ON ("products_product"."category_id" = "products_category"."id") WHERE "products_product"."id" = 9 LIMIT 21; args=(9,); alias=default
(0.000) SELECT AVG("customer_productreview"."rating") AS "average", COUNT("customer_productreview"."id") AS "count" FROM "customer_productreview" WHERE "customer_productreview"."product_id" = 9; args=(9,); alias=default
(0.000) SELECT "django_session"."session_key", "django_session"."session_data", "django_session"."expire_date" FROM "django_session" WHERE ("django_session"."expire_date" > '2022-10-31 07:54:29.298590' AND "django_session"."session_key" = 'a76diqcx6tabpiy18wzvx76hfvljyrah') LIMIT 21; args=('2022-10-31 07:54:29.298590', 'a76diqcx6tabpiy18wzvx76hfvljyrah'); alias=default
(0.000) SELECT "customer_user"."id", "customer_user"."password", "customer_user"."last_login", "customer_user"."is_superuser", "customer_user"."first_name", "customer_user"."last_name", "customer_user"."is_staff", "customer_user"."is_active", "customer_user"."date_joined", "customer_user"."username", "customer_user"."email", "customer_user"."phone" FROM "customer_user" WHERE "customer_user"."id" = 1 LIMIT 21; args=(1,); alias=default
(0.000) SELECT "customer_order"."id", "customer_order"."customer_id", "customer_order"."date_ordered", "customer_order"."completed", "customer_order"."session_id" FROM "customer_order" WHERE (NOT "customer_order"."completed" AND "customer_order"."customer_id" = 1 AND "customer_order"."session_id" = 'a76diqcx6tabpiy18wzvx76hfvljyrah') LIMIT 21; args=(1, 'a76diqcx6tabpiy18wzvx76hfvljyrah'); alias=default
(0.000) SELECT "customer_orderitem"."id", "customer_orderitem"."product_id", "customer_orderitem"."order_id", "customer_orderitem"."quantity", "customer_orderitem"."date_added" FROM "customer_orderitem" WHERE ("customer_orderitem"."order_id" = 368 AND "customer_orderitem"."product_id" = 9); args=(368, 9); alias=default
(0.000) SELECT "customer_order"."id", "customer_order"."customer_id", "customer_order"."date_ordered", "customer_order"."completed", "customer_order"."session_id" FROM "customer_order" WHERE (NOT "customer_order"."completed" AND "customer_order"."customer_id" = 1) LIMIT 21; args=(1,); alias=default
(0.016) UPDATE "customer_order" SET "customer_id" = 1, "date_ordered" = '2022-10-30 14:51:15.226219', "completed" = 0, "session_id" = 'a76diqcx6tabpiy18wzvx76hfvljyrah' WHERE "customer_order"."id" = 368; args=(1, '2022-10-30 14:51:15.226219', False, 'a76diqcx6tabpiy18wzvx76hfvljyrah', 368); alias=default
(0.000) SELECT SUM("total_price") FROM (SELECT (CAST((100 - "products_product"."discount_rate") AS NUMERIC) / 100.0) AS "discount_percent", ("products_product"."price" * (CAST((100 - "products_product"."discount_rate") AS NUMERIC) / 100.0)) AS "discount_price", (("products_product"."price" * (CAST((100 - "products_product"."discount_rate") AS NUMERIC) / 100.0)) * "customer_orderitem"."quantity") AS "total_price" FROM "customer_orderitem" LEFT OUTER JOIN "products_product" ON ("customer_orderitem"."product_id" = "products_product"."id") WHERE "customer_orderitem"."order_id" = 368) subquery; args=(100, 100.0, 100, 100.0, 100, 100.0, 368); alias=default
(0.000) SELECT SUM("customer_orderitem"."quantity") AS "count" FROM "customer_orderitem" WHERE "customer_orderitem"."order_id" = 368; args=(368,); alias=default
(0.000) SELECT COUNT(*) AS "__count" FROM "customer_likedproduct" WHERE "customer_likedproduct"."customer_id" = 1; args=(1,); alias=default
(0.000) SELECT "products_category"."id", "products_category"."name", "products_category"."image", "products_category"."description" FROM "products_category"; args=(); alias=default
(0.000) SELECT "products_category"."id", "products_category"."name", "products_category"."image", "products_category"."description" FROM "products_category"; args=(); alias=default
(0.000) SELECT "customer_productreview"."id", "customer_productreview"."review", "customer_productreview"."customer_id", "customer_productreview"."product_id", "customer_productreview"."rating", "customer_productreview"."date_written" FROM "customer_productreview" WHERE "customer_productreview"."product_id" = 9; args=(9,); alias=default
(0.015) SELECT "customer_user"."id", "customer_user"."password", "customer_user"."last_login", "customer_user"."is_superuser", "customer_user"."first_name", "customer_user"."last_name", "customer_user"."is_staff", "customer_user"."is_active", "customer_user"."date_joined", "customer_user"."username", "customer_user"."email", "customer_user"."phone" FROM "customer_user" WHERE "customer_user"."id" IN (1); args=(1,); alias=default
(0.000) SELECT "products_product"."id", "products_product"."name", "products_product"."category_id", "products_product"."price", "products_product"."description", "products_product"."image", "products_product"."in_stock", "products_product"."discount", "products_product"."discount_rate", "products_product"."created_at" FROM "products_product" WHERE ("products_product"."category_id" = 5 AND NOT ("products_product"."id" = 9)); args=(5, 9); alias=default
(0.000) SELECT CAST(MIN(CAST((CAST(("products_product"."price" * CAST((100 - "products_product"."discount_rate") AS NUMERIC)) AS NUMERIC) / 100) AS NUMERIC)) AS NUMERIC) AS "price__min", CAST(MAX(CAST((CAST(("products_product"."price" * CAST((100 - "products_product"."discount_rate") AS NUMERIC)) AS NUMERIC) / 100) AS NUMERIC)) AS NUMERIC) AS "price__max" FROM "products_product"; args=(100, 100, 100, 100); alias=default
(0.000) 
            SELECT name, type FROM sqlite_master
            WHERE type in ('table', 'view') AND NOT name='sqlite_sequence'
            ORDER BY name; args=None; alias=default
(0.000) SELECT "django_migrations"."id", "django_migrations"."app", "django_migrations"."name", "django_migrations"."applied" FROM "django_migrations"; args=(); alias=default
(0.000) SELECT "products_product"."id", "products_product"."name", "products_product"."category_id", "products_product"."price", "products_product"."description", "products_product"."image", "products_product"."in_stock", "products_product"."discount", "products_product"."discount_rate", "products_product"."created_at", "products_category"."id", "products_category"."name", "products_category"."image", "products_category"."description" FROM "products_product" INNER JOIN "products_category" ON ("products_product"."category_id" = "products_category"."id") WHERE "products_product"."id" = 9 LIMIT 21; args=(9,); alias=default
(0.000) SELECT AVG("customer_productreview"."rating") AS "average", COUNT("customer_productreview"."id") AS "count" FROM "customer_productreview" WHERE "customer_productreview"."product_id" = 9; args=(9,); alias=default
(0.000) SELECT "django_session"."session_key", "django_session"."session_data", "django_session"."expire_date" FROM "django_session" WHERE ("django_session"."expire_date" > '2022-10-31 07:54:56.339250' AND "django_session"."session_key" = 'a76diqcx6tabpiy18wzvx76hfvljyrah') LIMIT 21; args=('2022-10-31 07:54:56.339250', 'a76diqcx6tabpiy18wzvx76hfvljyrah'); alias=default
(0.000) SELECT "customer_user"."id", "customer_user"."password", "customer_user"."last_login", "customer_user"."is_superuser", "customer_user"."first_name", "customer_user"."last_name", "customer_user"."is_staff", "customer_user"."is_active", "customer_user"."date_joined", "customer_user"."username", "customer_user"."email", "customer_user"."phone" FROM "customer_user" WHERE "customer_user"."id" = 1 LIMIT 21; args=(1,); alias=default
(0.000) SELECT "customer_order"."id", "customer_order"."customer_id", "customer_order"."date_ordered", "customer_order"."completed", "customer_order"."session_id" FROM "customer_order" WHERE (NOT "customer_order"."completed" AND "customer_order"."customer_id" = 1 AND "customer_order"."session_id" = 'a76diqcx6tabpiy18wzvx76hfvljyrah') LIMIT 21; args=(1, 'a76diqcx6tabpiy18wzvx76hfvljyrah'); alias=default
(0.000) SELECT "customer_orderitem"."id", "customer_orderitem"."product_id", "customer_orderitem"."order_id", "customer_orderitem"."quantity", "customer_orderitem"."date_added" FROM "customer_orderitem" WHERE ("customer_orderitem"."order_id" = 368 AND "customer_orderitem"."product_id" = 9); args=(368, 9); alias=default
(0.000) SELECT "customer_order"."id", "customer_order"."customer_id", "customer_order"."date_ordered", "customer_order"."completed", "customer_order"."session_id" FROM "customer_order" WHERE (NOT "customer_order"."completed" AND "customer_order"."customer_id" = 1) LIMIT 21; args=(1,); alias=default
(0.000) UPDATE "customer_order" SET "customer_id" = 1, "date_ordered" = '2022-10-30 14:51:15.226219', "completed" = 0, "session_id" = 'a76diqcx6tabpiy18wzvx76hfvljyrah' WHERE "customer_order"."id" = 368; args=(1, '2022-10-30 14:51:15.226219', False, 'a76diqcx6tabpiy18wzvx76hfvljyrah', 368); alias=default
(0.000) SELECT SUM("total_price") FROM (SELECT (CAST((100 - "products_product"."discount_rate") AS NUMERIC) / 100.0) AS "discount_percent", ("products_product"."price" * (CAST((100 - "products_product"."discount_rate") AS NUMERIC) / 100.0)) AS "discount_price", (("products_product"."price" * (CAST((100 - "products_product"."discount_rate") AS NUMERIC) / 100.0)) * "customer_orderitem"."quantity") AS "total_price" FROM "customer_orderitem" LEFT OUTER JOIN "products_product" ON ("customer_orderitem"."product_id" = "products_product"."id") WHERE "customer_orderitem"."order_id" = 368) subquery; args=(100, 100.0, 100, 100.0, 100, 100.0, 368); alias=default
(0.000) SELECT SUM("customer_orderitem"."quantity") AS "count" FROM "customer_orderitem" WHERE "customer_orderitem"."order_id" = 368; args=(368,); alias=default
(0.000) SELECT COUNT(*) AS "__count" FROM "customer_likedproduct" WHERE "customer_likedproduct"."customer_id" = 1; args=(1,); alias=default
(0.000) SELECT "products_category"."id", "products_category"."name", "products_category"."image", "products_category"."description" FROM "products_category"; args=(); alias=default
(0.000) SELECT "products_category"."id", "products_category"."name", "products_category"."image", "products_category"."description" FROM "products_category"; args=(); alias=default
(0.000) SELECT "customer_productreview"."id", "customer_productreview"."review", "customer_productreview"."customer_id", "customer_productreview"."product_id", "customer_productreview"."rating", "customer_productreview"."date_written" FROM "customer_productreview" WHERE "customer_productreview"."product_id" = 9; args=(9,); alias=default
(0.000) SELECT "customer_user"."id", "customer_user"."password", "customer_user"."last_login", "customer_user"."is_superuser", "customer_user"."first_name", "customer_user"."last_name", "customer_user"."is_staff", "customer_user"."is_active", "customer_user"."date_joined", "customer_user"."username", "customer_user"."email", "customer_user"."phone" FROM "customer_user" WHERE "customer_user"."id" IN (1); args=(1,); alias=default
(0.000) SELECT "products_product"."id", "products_product"."name", "products_product"."category_id", "products_product"."price", "products_product"."description", "products_product"."image", "products_product"."in_stock", "products_product"."discount", "products_product"."discount_rate", "products_product"."created_at" FROM "products_product" WHERE ("products_product"."category_id" = 5 AND NOT ("products_product"."id" = 9)); args=(5, 9); alias=default
(0.000) SELECT CAST(MIN(CAST((CAST(("products_product"."price" * CAST((100 - "products_product"."discount_rate") AS NUMERIC)) AS NUMERIC) / 100) AS NUMERIC)) AS NUMERIC) AS "price__min", CAST(MAX(CAST((CAST(("products_product"."price" * CAST((100 - "products_product"."discount_rate") AS NUMERIC)) AS NUMERIC) / 100) AS NUMERIC)) AS NUMERIC) AS "price__max" FROM "products_product"; args=(100, 100, 100, 100); alias=default
(0.000) 
            SELECT name, type FROM sqlite_master
            WHERE type in ('table', 'view') AND NOT name='sqlite_sequence'
            ORDER BY name; args=None; alias=default
(0.000) SELECT "django_migrations"."id", "django_migrations"."app", "django_migrations"."name", "django_migrations"."applied" FROM "django_migrations"; args=(); alias=default
(0.000) SELECT "products_product"."id", "products_product"."name", "products_product"."category_id", "products_product"."price", "products_product"."description", "products_product"."image", "products_product"."in_stock", "products_product"."discount", "products_product"."discount_rate", "products_product"."created_at", "products_category"."id", "products_category"."name", "products_category"."image", "products_category"."description" FROM "products_product" INNER JOIN "products_category" ON ("products_product"."category_id" = "products_category"."id") WHERE "products_product"."id" = 9 LIMIT 21; args=(9,); alias=default
(0.000) SELECT AVG("customer_productreview"."rating") AS "average", COUNT("customer_productreview"."id") AS "count" FROM "customer_productreview" WHERE "customer_productreview"."product_id" = 9; args=(9,); alias=default
(0.000) SELECT "django_session"."session_key", "django_session"."session_data", "django_session"."expire_date" FROM "django_session" WHERE ("django_session"."expire_date" > '2022-10-31 07:55:40.645093' AND "django_session"."session_key" = 'a76diqcx6tabpiy18wzvx76hfvljyrah') LIMIT 21; args=('2022-10-31 07:55:40.645093', 'a76diqcx6tabpiy18wzvx76hfvljyrah'); alias=default
(0.016) SELECT "customer_user"."id", "customer_user"."password", "customer_user"."last_login", "customer_user"."is_superuser", "customer_user"."first_name", "customer_user"."last_name", "customer_user"."is_staff", "customer_user"."is_active", "customer_user"."date_joined", "customer_user"."username", "customer_user"."email", "customer_user"."phone" FROM "customer_user" WHERE "customer_user"."id" = 1 LIMIT 21; args=(1,); alias=default
(0.000) SELECT "customer_order"."id", "customer_order"."customer_id", "customer_order"."date_ordered", "customer_order"."completed", "customer_order"."session_id" FROM "customer_order" WHERE (NOT "customer_order"."completed" AND "customer_order"."customer_id" = 1 AND "customer_order"."session_id" = 'a76diqcx6tabpiy18wzvx76hfvljyrah') LIMIT 21; args=(1, 'a76diqcx6tabpiy18wzvx76hfvljyrah'); alias=default
(0.000) SELECT "customer_orderitem"."id", "customer_orderitem"."product_id", "customer_orderitem"."order_id", "customer_orderitem"."quantity", "customer_orderitem"."date_added" FROM "customer_orderitem" WHERE ("customer_orderitem"."order_id" = 368 AND "customer_orderitem"."product_id" = 9); args=(368, 9); alias=default
(0.000) SELECT "customer_order"."id", "customer_order"."customer_id", "customer_order"."date_ordered", "customer_order"."completed", "customer_order"."session_id" FROM "customer_order" WHERE (NOT "customer_order"."completed" AND "customer_order"."customer_id" = 1) LIMIT 21; args=(1,); alias=default
(0.015) UPDATE "customer_order" SET "customer_id" = 1, "date_ordered" = '2022-10-30 14:51:15.226219', "completed" = 0, "session_id" = 'a76diqcx6tabpiy18wzvx76hfvljyrah' WHERE "customer_order"."id" = 368; args=(1, '2022-10-30 14:51:15.226219', False, 'a76diqcx6tabpiy18wzvx76hfvljyrah', 368); alias=default
(0.000) SELECT SUM("total_price") FROM (SELECT (CAST((100 - "products_product"."discount_rate") AS NUMERIC) / 100.0) AS "discount_percent", ("products_product"."price" * (CAST((100 - "products_product"."discount_rate") AS NUMERIC) / 100.0)) AS "discount_price", (("products_product"."price" * (CAST((100 - "products_product"."discount_rate") AS NUMERIC) / 100.0)) * "customer_orderitem"."quantity") AS "total_price" FROM "customer_orderitem" LEFT OUTER JOIN "products_product" ON ("customer_orderitem"."product_id" = "products_product"."id") WHERE "customer_orderitem"."order_id" = 368) subquery; args=(100, 100.0, 100, 100.0, 100, 100.0, 368); alias=default
(0.000) SELECT SUM("customer_orderitem"."quantity") AS "count" FROM "customer_orderitem" WHERE "customer_orderitem"."order_id" = 368; args=(368,); alias=default
(0.000) SELECT COUNT(*) AS "__count" FROM "customer_likedproduct" WHERE "customer_likedproduct"."customer_id" = 1; args=(1,); alias=default
(0.000) SELECT "products_category"."id", "products_category"."name", "products_category"."image", "products_category"."description" FROM "products_category"; args=(); alias=default
(0.000) SELECT "products_category"."id", "products_category"."name", "products_category"."image", "products_category"."description" FROM "products_category"; args=(); alias=default
(0.000) SELECT "customer_productreview"."id", "customer_productreview"."review", "customer_productreview"."customer_id", "customer_productreview"."product_id", "customer_productreview"."rating", "customer_productreview"."date_written" FROM "customer_productreview" WHERE "customer_productreview"."product_id" = 9; args=(9,); alias=default
(0.000) SELECT "customer_user"."id", "customer_user"."password", "customer_user"."last_login", "customer_user"."is_superuser", "customer_user"."first_name", "customer_user"."last_name", "customer_user"."is_staff", "customer_user"."is_active", "customer_user"."date_joined", "customer_user"."username", "customer_user"."email", "customer_user"."phone" FROM "customer_user" WHERE "customer_user"."id" IN (1); args=(1,); alias=default
(0.000) SELECT "products_product"."id", "products_product"."name", "products_product"."category_id", "products_product"."price", "products_product"."description", "products_product"."image", "products_product"."in_stock", "products_product"."discount", "products_product"."discount_rate", "products_product"."created_at" FROM "products_product" WHERE ("products_product"."category_id" = 5 AND NOT ("products_product"."id" = 9)); args=(5, 9); alias=default
(0.000) SELECT CAST(MIN(CAST((CAST(("products_product"."price" * CAST((100 - "products_product"."discount_rate") AS NUMERIC)) AS NUMERIC) / 100) AS NUMERIC)) AS NUMERIC) AS "price__min", CAST(MAX(CAST((CAST(("products_product"."price" * CAST((100 - "products_product"."discount_rate") AS NUMERIC)) AS NUMERIC) / 100) AS NUMERIC)) AS NUMERIC) AS "price__max" FROM "products_product"; args=(100, 100, 100, 100); alias=default
(0.000) 
            SELECT name, type FROM sqlite_master
            WHERE type in ('table', 'view') AND NOT name='sqlite_sequence'
            ORDER BY name; args=None; alias=default
(0.000) SELECT "django_migrations"."id", "django_migrations"."app", "django_migrations"."name", "django_migrations"."applied" FROM "django_migrations"; args=(); alias=default
(0.000) SELECT "products_product"."id", "products_product"."name", "products_product"."category_id", "products_product"."price", "products_product"."description", "products_product"."image", "products_product"."in_stock", "products_product"."discount", "products_product"."discount_rate", "products_product"."created_at", "products_category"."id", "products_category"."name", "products_category"."image", "products_category"."description" FROM "products_product" INNER JOIN "products_category" ON ("products_product"."category_id" = "products_category"."id") WHERE "products_product"."id" = 9 LIMIT 21; args=(9,); alias=default
(0.000) SELECT AVG("customer_productreview"."rating") AS "average", COUNT("customer_productreview"."id") AS "count" FROM "customer_productreview" WHERE "customer_productreview"."product_id" = 9; args=(9,); alias=default
(0.000) SELECT "django_session"."session_key", "django_session"."session_data", "django_session"."expire_date" FROM "django_session" WHERE ("django_session"."expire_date" > '2022-10-31 07:55:53.863861' AND "django_session"."session_key" = 'a76diqcx6tabpiy18wzvx76hfvljyrah') LIMIT 21; args=('2022-10-31 07:55:53.863861', 'a76diqcx6tabpiy18wzvx76hfvljyrah'); alias=default
(0.000) SELECT "customer_user"."id", "customer_user"."password", "customer_user"."last_login", "customer_user"."is_superuser", "customer_user"."first_name", "customer_user"."last_name", "customer_user"."is_staff", "customer_user"."is_active", "customer_user"."date_joined", "customer_user"."username", "customer_user"."email", "customer_user"."phone" FROM "customer_user" WHERE "customer_user"."id" = 1 LIMIT 21; args=(1,); alias=default
(0.000) SELECT "customer_order"."id", "customer_order"."customer_id", "customer_order"."date_ordered", "customer_order"."completed", "customer_order"."session_id" FROM "customer_order" WHERE (NOT "customer_order"."completed" AND "customer_order"."customer_id" = 1 AND "customer_order"."session_id" = 'a76diqcx6tabpiy18wzvx76hfvljyrah') LIMIT 21; args=(1, 'a76diqcx6tabpiy18wzvx76hfvljyrah'); alias=default
(0.000) SELECT "customer_orderitem"."id", "customer_orderitem"."product_id", "customer_orderitem"."order_id", "customer_orderitem"."quantity", "customer_orderitem"."date_added" FROM "customer_orderitem" WHERE ("customer_orderitem"."order_id" = 368 AND "customer_orderitem"."product_id" = 9); args=(368, 9); alias=default
(0.000) SELECT "customer_order"."id", "customer_order"."customer_id", "customer_order"."date_ordered", "customer_order"."completed", "customer_order"."session_id" FROM "customer_order" WHERE (NOT "customer_order"."completed" AND "customer_order"."customer_id" = 1) LIMIT 21; args=(1,); alias=default
(0.000) UPDATE "customer_order" SET "customer_id" = 1, "date_ordered" = '2022-10-30 14:51:15.226219', "completed" = 0, "session_id" = 'a76diqcx6tabpiy18wzvx76hfvljyrah' WHERE "customer_order"."id" = 368; args=(1, '2022-10-30 14:51:15.226219', False, 'a76diqcx6tabpiy18wzvx76hfvljyrah', 368); alias=default
(0.000) SELECT SUM("total_price") FROM (SELECT (CAST((100 - "products_product"."discount_rate") AS NUMERIC) / 100.0) AS "discount_percent", ("products_product"."price" * (CAST((100 - "products_product"."discount_rate") AS NUMERIC) / 100.0)) AS "discount_price", (("products_product"."price" * (CAST((100 - "products_product"."discount_rate") AS NUMERIC) / 100.0)) * "customer_orderitem"."quantity") AS "total_price" FROM "customer_orderitem" LEFT OUTER JOIN "products_product" ON ("customer_orderitem"."product_id" = "products_product"."id") WHERE "customer_orderitem"."order_id" = 368) subquery; args=(100, 100.0, 100, 100.0, 100, 100.0, 368); alias=default
(0.000) SELECT SUM("customer_orderitem"."quantity") AS "count" FROM "customer_orderitem" WHERE "customer_orderitem"."order_id" = 368; args=(368,); alias=default
(0.000) SELECT COUNT(*) AS "__count" FROM "customer_likedproduct" WHERE "customer_likedproduct"."customer_id" = 1; args=(1,); alias=default
(0.000) SELECT "products_category"."id", "products_category"."name", "products_category"."image", "products_category"."description" FROM "products_category"; args=(); alias=default
(0.000) SELECT "products_category"."id", "products_category"."name", "products_category"."image", "products_category"."description" FROM "products_category"; args=(); alias=default
(0.000) SELECT "customer_productreview"."id", "customer_productreview"."review", "customer_productreview"."customer_id", "customer_productreview"."product_id", "customer_productreview"."rating", "customer_productreview"."date_written" FROM "customer_productreview" WHERE "customer_productreview"."product_id" = 9; args=(9,); alias=default
(0.000) SELECT "customer_user"."id", "customer_user"."password", "customer_user"."last_login", "customer_user"."is_superuser", "customer_user"."first_name", "customer_user"."last_name", "customer_user"."is_staff", "customer_user"."is_active", "customer_user"."date_joined", "customer_user"."username", "customer_user"."email", "customer_user"."phone" FROM "customer_user" WHERE "customer_user"."id" IN (1); args=(1,); alias=default
(0.000) SELECT "products_product"."id", "products_product"."name", "products_product"."category_id", "products_product"."price", "products_product"."description", "products_product"."image", "products_product"."in_stock", "products_product"."discount", "products_product"."discount_rate", "products_product"."created_at" FROM "products_product" WHERE ("products_product"."category_id" = 5 AND NOT ("products_product"."id" = 9)); args=(5, 9); alias=default
